Using pre-set license
Built from '2020.3/staging' branch; Version is '2020.3.26f1 (7298b473bc1a) revision 7510196'; Using compiler version '192528614'; Build Type 'Release'
OS: 'Windows 10  (10.0.19044) 64bit Core' Language: 'ko' Physical Memory: 16335 MB
BatchMode: 1, IsHumanControllingUs: 0, StartBugReporterOnCrash: 0, Is64bit: 1, IsPro: 0

COMMAND LINE ARGUMENTS:
C:\Users\zheng\Desktop\새 폴더\2020.3.26f1\Editor\Unity.exe
-adb2
-batchMode
-noUpm
-name
AssetImportWorker0
-projectPath
C:/Users/zheng/Documents/GitHub/2D_RPG_Tutorial/2D_RPG_Tutorial
-logFile
Logs/AssetImportWorker0.log
-srvPort
57328
Successfully changed project path to: C:/Users/zheng/Documents/GitHub/2D_RPG_Tutorial/2D_RPG_Tutorial
C:/Users/zheng/Documents/GitHub/2D_RPG_Tutorial/2D_RPG_Tutorial
Using Asset Import Pipeline V2.
Refreshing native plugins compatible for Editor in 58.27 ms, found 3 plugins.
Preloading 0 native plugins for Editor in 0.00 ms.
Initialize engine version: 2020.3.26f1 (7298b473bc1a)
[Subsystems] Discovering subsystems at path C:/Users/zheng/Desktop/새 폴더/2020.3.26f1/Editor/Data/Resources/UnitySubsystems
[Subsystems] Discovering subsystems at path C:/Users/zheng/Documents/GitHub/2D_RPG_Tutorial/2D_RPG_Tutorial/Assets
GfxDevice: creating device client; threaded=0
Direct3D:
    Version:  Direct3D 11.0 [level 11.1]
    Renderer: Radeon RX 570 Series (ID=0x67df)
    Vendor:   
    VRAM:     4075 MB
    Driver:   30.0.13023.4001
Initialize mono
Mono path[0] = 'C:/Users/zheng/Desktop/새 폴더/2020.3.26f1/Editor/Data/Managed'
Mono path[1] = 'C:/Users/zheng/Desktop/새 폴더/2020.3.26f1/Editor/Data/MonoBleedingEdge/lib/mono/unityjit'
Mono config path = 'C:/Users/zheng/Desktop/새 폴더/2020.3.26f1/Editor/Data/MonoBleedingEdge/etc'
Using monoOptions --debugger-agent=transport=dt_socket,embedding=1,server=y,suspend=n,address=127.0.0.1:56996
Begin MonoManager ReloadAssembly
Registering precompiled unity dll's ...
Register platform support module: C:/Users/zheng/Desktop/새 폴더/2020.3.26f1/Editor/Data/PlaybackEngines/WindowsStandaloneSupport/UnityEditor.WindowsStandalone.Extensions.dll
Registered in 0.007171 seconds.
Native extension for WindowsStandalone target not found
Refreshing native plugins compatible for Editor in 51.88 ms, found 3 plugins.
Preloading 0 native plugins for Editor in 0.00 ms.
Mono: successfully reloaded assembly
- Completed reload, in  0.748 seconds
Domain Reload Profiling:
	ReloadAssembly (748ms)
		BeginReloadAssembly (111ms)
			ExecutionOrderSort (0ms)
			DisableScriptedObjects (0ms)
			BackupInstance (0ms)
			ReleaseScriptingObjects (0ms)
			CreateAndSetChildDomain (1ms)
		EndReloadAssembly (525ms)
			LoadAssemblies (104ms)
			RebuildTransferFunctionScriptingTraits (0ms)
			SetupTypeCache (165ms)
			ReleaseScriptCaches (0ms)
			RebuildScriptCaches (30ms)
			SetupLoadedEditorAssemblies (196ms)
				LogAssemblyErrors (0ms)
				InitializePlatformSupportModulesInManaged (6ms)
				SetLoadedEditorAssemblies (0ms)
				RefreshPlugins (52ms)
				BeforeProcessingInitializeOnLoad (19ms)
				ProcessInitializeOnLoadAttributes (86ms)
				ProcessInitializeOnLoadMethodAttributes (32ms)
				AfterProcessingInitializeOnLoad (0ms)
				EditorAssembliesLoaded (0ms)
			ExecutionOrderSort2 (0ms)
			AwakeInstancesAfterBackupRestoration (0ms)
Platform modules already initialized, skipping
Registering precompiled user dll's ...
Registered in 0.017084 seconds.
Begin MonoManager ReloadAssembly
Native extension for WindowsStandalone target not found
Refreshing native plugins compatible for Editor in 50.41 ms, found 3 plugins.
Preloading 0 native plugins for Editor in 0.00 ms.
Mono: successfully reloaded assembly
- Completed reload, in  1.437 seconds
Domain Reload Profiling:
	ReloadAssembly (1440ms)
		BeginReloadAssembly (206ms)
			ExecutionOrderSort (0ms)
			DisableScriptedObjects (5ms)
			BackupInstance (0ms)
			ReleaseScriptingObjects (0ms)
			CreateAndSetChildDomain (20ms)
		EndReloadAssembly (1134ms)
			LoadAssemblies (175ms)
			RebuildTransferFunctionScriptingTraits (0ms)
			SetupTypeCache (345ms)
			ReleaseScriptCaches (1ms)
			RebuildScriptCaches (48ms)
			SetupLoadedEditorAssemblies (449ms)
				LogAssemblyErrors (0ms)
				InitializePlatformSupportModulesInManaged (5ms)
				SetLoadedEditorAssemblies (0ms)
				RefreshPlugins (51ms)
				BeforeProcessingInitializeOnLoad (125ms)
				ProcessInitializeOnLoadAttributes (221ms)
				ProcessInitializeOnLoadMethodAttributes (23ms)
				AfterProcessingInitializeOnLoad (25ms)
				EditorAssembliesLoaded (0ms)
			ExecutionOrderSort2 (0ms)
			AwakeInstancesAfterBackupRestoration (7ms)
Platform modules already initialized, skipping
========================================================================
Worker process is ready to serve import requests
Launched and connected shader compiler UnityShaderCompiler.exe after 0.07 seconds
Refreshing native plugins compatible for Editor in 0.51 ms, found 3 plugins.
Preloading 0 native plugins for Editor in 0.00 ms.
Unloading 2198 Unused Serialized files (Serialized files now loaded: 0)
System memory in use before: 95.9 MB.
System memory in use after: 96.0 MB.

Unloading 28 unused Assets to reduce memory usage. Loaded Objects now: 2631.
Total: 4.309400 ms (FindLiveObjects: 0.498600 ms CreateObjectMapping: 0.074400 ms MarkObjects: 3.659600 ms  DeleteObjects: 0.075000 ms)

AssetImportParameters requested are different than current active one (requested -> active):
  custom:framework-win-MediaFoundation: 216162199b28c13a410421893ffa2e32 -> 
  custom:video-decoder-ogg-theora: a1e56fd34408186e4bbccfd4996cb3dc -> 
  custom:container-muxer-webm: aa71ff27fc2769a1b78a27578f13a17b -> 
  custom:container-demuxer-webm: 4f35f7cbe854078d1ac9338744f61a02 -> 
  custom:container-demuxer-ogg: 62fdf1f143b41e24485cea50d1cbac27 -> 
  custom:video-encoder-webm-vp8: eb34c28f22e8b96e1ab97ce403110664 -> 
  custom:video-decoder-webm-vp8: 9c59270c3fd7afecdb556c50c9e8de78 -> 
  custom:audio-decoder-ogg-vorbis: bf7c407c2cedff20999df2af8eb42d56 -> 
  custom:audio-encoder-webm-vorbis: bf7c407c2cedff20999df2af8eb42d56 -> 
========================================================================
Received Import Request.
  path: Assets/Images/Animation
  artifactKey: Guid(f1e2ace8edde5aa419591ea506ffe085) Importer(815301076,1909f56bfc062723c751e8b465ee728b)
Start importing Assets/Images/Animation using Guid(f1e2ace8edde5aa419591ea506ffe085) Importer(815301076,1909f56bfc062723c751e8b465ee728b)  -> (artifact id: '71b16e911692ad005d0f5a5e920665f7') in 0.007848 seconds 
  Import took 0.011095 seconds .

========================================================================
Received Import Request.
  Time since last request: 51.524769 seconds.
  path: Assets/Images/Animation/PlayerWalk.anim
  artifactKey: Guid(6d1ba07a909561d488d70e0f6e6118d1) Importer(815301076,1909f56bfc062723c751e8b465ee728b)
Start importing Assets/Images/Animation/PlayerWalk.anim using Guid(6d1ba07a909561d488d70e0f6e6118d1) Importer(815301076,1909f56bfc062723c751e8b465ee728b)  -> (artifact id: 'ca2fa1f343e0be0f404cdbea5a5cfa81') in 0.053637 seconds 
  Import took 0.057328 seconds .

========================================================================
Received Import Request.
  Time since last request: 92.238155 seconds.
  path: Assets/Images/Animation/PlayerWalkLeft.anim
  artifactKey: Guid(665ab919fd7f6674f8c5cb49cb866883) Importer(815301076,1909f56bfc062723c751e8b465ee728b)
Start importing Assets/Images/Animation/PlayerWalkLeft.anim using Guid(665ab919fd7f6674f8c5cb49cb866883) Importer(815301076,1909f56bfc062723c751e8b465ee728b)  -> (artifact id: 'deaf149dcfdc2da28c6c0983ef0fe1c6') in 0.005627 seconds 
  Import took 0.009094 seconds .

========================================================================
Received Import Request.
  Time since last request: 1.609786 seconds.
  path: Assets/Images/Animation/PlayerWalkLeft 1.anim
  artifactKey: Guid(62ba8342575da12428049a3b663e3094) Importer(815301076,1909f56bfc062723c751e8b465ee728b)
Start importing Assets/Images/Animation/PlayerWalkLeft 1.anim using Guid(62ba8342575da12428049a3b663e3094) Importer(815301076,1909f56bfc062723c751e8b465ee728b)  -> (artifact id: 'eca6c1f9299b362ab3cee9ff1b9d728a') in 0.005856 seconds 
  Import took 0.009573 seconds .

========================================================================
Received Import Request.
  Time since last request: 4.648990 seconds.
  path: Assets/Images/Animation/PlayerWalkRight.anim
  artifactKey: Guid(665ab919fd7f6674f8c5cb49cb866883) Importer(815301076,1909f56bfc062723c751e8b465ee728b)
Start importing Assets/Images/Animation/PlayerWalkRight.anim using Guid(665ab919fd7f6674f8c5cb49cb866883) Importer(815301076,1909f56bfc062723c751e8b465ee728b)  -> (artifact id: '11fcf8ca01a13990ddc8984f81651ff5') in 0.005754 seconds 
  Import took 0.009100 seconds .

========================================================================
Received Import Request.
  Time since last request: 5.626436 seconds.
  path: Assets/Images/Animation/PlayerWalk.anim
  artifactKey: Guid(6d1ba07a909561d488d70e0f6e6118d1) Importer(815301076,1909f56bfc062723c751e8b465ee728b)
Start importing Assets/Images/Animation/PlayerWalk.anim using Guid(6d1ba07a909561d488d70e0f6e6118d1) Importer(815301076,1909f56bfc062723c751e8b465ee728b)  -> (artifact id: 'a30bc5db8652688bceb440b3c3a9f339') in 0.005622 seconds 
  Import took 0.008970 seconds .

========================================================================
Received Import Request.
  Time since last request: 5.408350 seconds.
  path: Assets/Images/Animation/PlayerWalkLeft.anim
  artifactKey: Guid(62ba8342575da12428049a3b663e3094) Importer(815301076,1909f56bfc062723c751e8b465ee728b)
Start importing Assets/Images/Animation/PlayerWalkLeft.anim using Guid(62ba8342575da12428049a3b663e3094) Importer(815301076,1909f56bfc062723c751e8b465ee728b)  -> (artifact id: '1398f140e274b7122dc25cbf859ee0ba') in 0.005093 seconds 
  Import took 0.008687 seconds .

========================================================================
Received Import Request.
  Time since last request: 70.555945 seconds.
  path: Assets/Sound
  artifactKey: Guid(6346283bf72a9904592e953ae4e916c6) Importer(815301076,1909f56bfc062723c751e8b465ee728b)
Start importing Assets/Sound using Guid(6346283bf72a9904592e953ae4e916c6) Importer(815301076,1909f56bfc062723c751e8b465ee728b)  -> (artifact id: 'ea4e309deb19cd5e66a39e0f14306f78') in 0.004755 seconds 
  Import took 0.008135 seconds .

========================================================================
Received Import Request.
  Time since last request: 40.465471 seconds.
  path: Assets/Images/PlayerWalkLeft.anim
  artifactKey: Guid(e2e7d69b82384c048b3e49a308077903) Importer(815301076,1909f56bfc062723c751e8b465ee728b)
Start importing Assets/Images/PlayerWalkLeft.anim using Guid(e2e7d69b82384c048b3e49a308077903) Importer(815301076,1909f56bfc062723c751e8b465ee728b)  -> (artifact id: '6238ced4c72a685b238b44d5da1240ed') in 0.006635 seconds 
  Import took 0.010045 seconds .

========================================================================
Received Import Request.
  Time since last request: 49.948760 seconds.
  path: Assets/Images/Animation/PlayerWalkRight.anim
  artifactKey: Guid(f2541bd8dcb4d804ab6d920b78cac73a) Importer(815301076,1909f56bfc062723c751e8b465ee728b)
Start importing Assets/Images/Animation/PlayerWalkRight.anim using Guid(f2541bd8dcb4d804ab6d920b78cac73a) Importer(815301076,1909f56bfc062723c751e8b465ee728b)  -> (artifact id: 'd951c6618059a8acadbff410e86f1484') in 0.005430 seconds 
  Import took 0.008730 seconds .

========================================================================
Received Import Request.
  Time since last request: 34.675216 seconds.
  path: Assets/Images/Animation/PlayerWalkTop.anim
  artifactKey: Guid(01833f709df3fdf40804a5e624bf1c0c) Importer(815301076,1909f56bfc062723c751e8b465ee728b)
Start importing Assets/Images/Animation/PlayerWalkTop.anim using Guid(01833f709df3fdf40804a5e624bf1c0c) Importer(815301076,1909f56bfc062723c751e8b465ee728b)  -> (artifact id: '66e732d1acb6b919de93bc1c475044a3') in 0.005946 seconds 
  Import took 0.009314 seconds .

========================================================================
Received Prepare
Registering precompiled user dll's ...
Registered in 0.013874 seconds.
Begin MonoManager ReloadAssembly
Native extension for WindowsStandalone target not found
Refreshing native plugins compatible for Editor in 0.54 ms, found 3 plugins.
Preloading 0 native plugins for Editor in 0.00 ms.
Mono: successfully reloaded assembly
- Completed reload, in  1.326 seconds
Domain Reload Profiling:
	ReloadAssembly (1326ms)
		BeginReloadAssembly (179ms)
			ExecutionOrderSort (0ms)
			DisableScriptedObjects (7ms)
			BackupInstance (0ms)
			ReleaseScriptingObjects (0ms)
			CreateAndSetChildDomain (36ms)
		EndReloadAssembly (1044ms)
			LoadAssemblies (174ms)
			RebuildTransferFunctionScriptingTraits (0ms)
			SetupTypeCache (341ms)
			ReleaseScriptCaches (1ms)
			RebuildScriptCaches (44ms)
			SetupLoadedEditorAssemblies (394ms)
				LogAssemblyErrors (0ms)
				InitializePlatformSupportModulesInManaged (6ms)
				SetLoadedEditorAssemblies (1ms)
				RefreshPlugins (1ms)
				BeforeProcessingInitializeOnLoad (131ms)
				ProcessInitializeOnLoadAttributes (216ms)
				ProcessInitializeOnLoadMethodAttributes (13ms)
				AfterProcessingInitializeOnLoad (26ms)
				EditorAssembliesLoaded (0ms)
			ExecutionOrderSort2 (0ms)
			AwakeInstancesAfterBackupRestoration (10ms)
Platform modules already initialized, skipping
Refreshing native plugins compatible for Editor in 0.57 ms, found 3 plugins.
Preloading 0 native plugins for Editor in 0.00 ms.
Unloading 2187 Unused Serialized files (Serialized files now loaded: 0)
System memory in use before: 95.2 MB.
System memory in use after: 95.4 MB.

Unloading 17 unused Assets to reduce memory usage. Loaded Objects now: 2633.
Total: 3.191900 ms (FindLiveObjects: 0.216100 ms CreateObjectMapping: 0.052900 ms MarkObjects: 2.906300 ms  DeleteObjects: 0.015500 ms)

AssetImportParameters requested are different than current active one (requested -> active):
  custom:framework-win-MediaFoundation: 216162199b28c13a410421893ffa2e32 -> 
  custom:video-decoder-ogg-theora: a1e56fd34408186e4bbccfd4996cb3dc -> 
  custom:container-muxer-webm: aa71ff27fc2769a1b78a27578f13a17b -> 
  custom:container-demuxer-webm: 4f35f7cbe854078d1ac9338744f61a02 -> 
  custom:container-demuxer-ogg: 62fdf1f143b41e24485cea50d1cbac27 -> 
  custom:video-encoder-webm-vp8: eb34c28f22e8b96e1ab97ce403110664 -> 
  custom:video-decoder-webm-vp8: 9c59270c3fd7afecdb556c50c9e8de78 -> 
  custom:audio-decoder-ogg-vorbis: bf7c407c2cedff20999df2af8eb42d56 -> 
  custom:audio-encoder-webm-vorbis: bf7c407c2cedff20999df2af8eb42d56 -> 
========================================================================
Received Import Request.
  Time since last request: 46.582565 seconds.
  path: Assets/Images/Animation/PlayerWalkUp.anim
  artifactKey: Guid(01833f709df3fdf40804a5e624bf1c0c) Importer(815301076,1909f56bfc062723c751e8b465ee728b)
Start importing Assets/Images/Animation/PlayerWalkUp.anim using Guid(01833f709df3fdf40804a5e624bf1c0c) Importer(815301076,1909f56bfc062723c751e8b465ee728b)  -> (artifact id: '6ac32c414327a538ebb237b9bb4177a8') in 0.016536 seconds 
  Import took 0.020011 seconds .

========================================================================
Received Import Request.
  Time since last request: 3.787939 seconds.
  path: Assets/Images/Animation/PlayerWalkDown.anim
  artifactKey: Guid(6d1ba07a909561d488d70e0f6e6118d1) Importer(815301076,1909f56bfc062723c751e8b465ee728b)
Start importing Assets/Images/Animation/PlayerWalkDown.anim using Guid(6d1ba07a909561d488d70e0f6e6118d1) Importer(815301076,1909f56bfc062723c751e8b465ee728b)  -> (artifact id: 'd3ff74fccb23f16e8ffabdc56c5da3aa') in 0.005951 seconds 
  Import took 0.009293 seconds .

========================================================================
Received Import Request.
  Time since last request: 13.535122 seconds.
  path: Assets
  artifactKey: Guid(00000000000000001000000000000000) Importer(815301076,1909f56bfc062723c751e8b465ee728b)
Start importing Assets using Guid(00000000000000001000000000000000) Importer(815301076,1909f56bfc062723c751e8b465ee728b)  -> (artifact id: '42d402b061de3733987d63b9cc3b64de') in 0.004145 seconds 
  Import took 0.007404 seconds .

========================================================================
Received Import Request.
  Time since last request: 15.722983 seconds.
  path: Assets/Images/Animation/PlayerStandDown.anim
  artifactKey: Guid(1602231db2d8c744c908dea78aede169) Importer(815301076,1909f56bfc062723c751e8b465ee728b)
Start importing Assets/Images/Animation/PlayerStandDown.anim using Guid(1602231db2d8c744c908dea78aede169) Importer(815301076,1909f56bfc062723c751e8b465ee728b)  -> (artifact id: '408c543ce4e8ec32c02a43acdd4bdff8') in 0.006044 seconds 
  Import took 0.009439 seconds .

========================================================================
Received Import Request.
  Time since last request: 18.749834 seconds.
  path: Assets/Images/Animation/Player.controller
  artifactKey: Guid(f47b9b8a32c28c046abbeb120130e9d0) Importer(815301076,1909f56bfc062723c751e8b465ee728b)
Start importing Assets/Images/Animation/Player.controller using Guid(f47b9b8a32c28c046abbeb120130e9d0) Importer(815301076,1909f56bfc062723c751e8b465ee728b)  -> (artifact id: '9fb5445c7b6e7601899e9550c84e6bfe') in 0.010698 seconds 
  Import took 0.014255 seconds .

========================================================================
Received Import Request.
  Time since last request: 769.801704 seconds.
  path: Assets/Images/Sprite
  artifactKey: Guid(c0518c42655497340b7e4f9d5a17b1e8) Importer(815301076,1909f56bfc062723c751e8b465ee728b)
Start importing Assets/Images/Sprite using Guid(c0518c42655497340b7e4f9d5a17b1e8) Importer(815301076,1909f56bfc062723c751e8b465ee728b)  -> (artifact id: 'bbf6b870a166e017fdeb6f218569da48') in 0.004605 seconds 
  Import took 0.008090 seconds .

========================================================================
Received Import Request.
  Time since last request: 0.056964 seconds.
  path: Assets/Images/Sprite/Dialogue - basic.png
  artifactKey: Guid(c3644e3825957f4408b5a3f1a5919254) Importer(815301076,1909f56bfc062723c751e8b465ee728b)
Start importing Assets/Images/Sprite/Dialogue - basic.png using Guid(c3644e3825957f4408b5a3f1a5919254) Importer(815301076,1909f56bfc062723c751e8b465ee728b)  -> (artifact id: '0cc911a7d4174e85ab699e9d8caa2425') in 0.148508 seconds 
  Import took 0.151804 seconds .

========================================================================
Received Import Request.
  Time since last request: 0.000289 seconds.
  path: Assets/Images/Sprite/Haon - A - 1.png
  artifactKey: Guid(e8cc1233614ffaf438331a9afb15362e) Importer(815301076,1909f56bfc062723c751e8b465ee728b)
Start importing Assets/Images/Sprite/Haon - A - 1.png using Guid(e8cc1233614ffaf438331a9afb15362e) Importer(815301076,1909f56bfc062723c751e8b465ee728b)  -> (artifact id: '406e6f50ef8e1d779b7f17daf4084061') in 0.017558 seconds 
  Import took 0.020752 seconds .

========================================================================
Received Import Request.
  Time since last request: 0.000335 seconds.
  path: Assets/Images/Sprite/Dialogue - Si.png
  artifactKey: Guid(3cd146ccb7acfdc40abf969444d9bb7c) Importer(815301076,1909f56bfc062723c751e8b465ee728b)
Start importing Assets/Images/Sprite/Dialogue - Si.png using Guid(3cd146ccb7acfdc40abf969444d9bb7c) Importer(815301076,1909f56bfc062723c751e8b465ee728b)  -> (artifact id: 'ef12049b85d13750512be7c39cab9f65') in 0.016121 seconds 
  Import took 0.019288 seconds .

========================================================================
Received Import Request.
  Time since last request: 0.000279 seconds.
  path: Assets/Images/Sprite/Guan - 2.png
  artifactKey: Guid(b609762dbd4886642b9aa39ec8381023) Importer(815301076,1909f56bfc062723c751e8b465ee728b)
Start importing Assets/Images/Sprite/Guan - 2.png using Guid(b609762dbd4886642b9aa39ec8381023) Importer(815301076,1909f56bfc062723c751e8b465ee728b)  -> (artifact id: '78edb51267202d10d7b7566e27e0b669') in 0.019507 seconds 
  Import took 0.022536 seconds .

========================================================================
Received Import Request.
  Time since last request: 0.000283 seconds.
  path: Assets/Images/Sprite/Dialogue - Unknown.png
  artifactKey: Guid(b8812be377ea94b48b1306ad0293eefe) Importer(815301076,1909f56bfc062723c751e8b465ee728b)
Start importing Assets/Images/Sprite/Dialogue - Unknown.png using Guid(b8812be377ea94b48b1306ad0293eefe) Importer(815301076,1909f56bfc062723c751e8b465ee728b)  -> (artifact id: '16c7a86060ec6fad68ecbdda8f122a29') in 0.016466 seconds 
  Import took 0.019885 seconds .

========================================================================
Received Import Request.
  Time since last request: 0.000303 seconds.
  path: Assets/Images/Sprite/Dialogue - Min.png
  artifactKey: Guid(c1acfb8e118a7944ba445437a984237e) Importer(815301076,1909f56bfc062723c751e8b465ee728b)
Start importing Assets/Images/Sprite/Dialogue - Min.png using Guid(c1acfb8e118a7944ba445437a984237e) Importer(815301076,1909f56bfc062723c751e8b465ee728b)  -> (artifact id: 'c65a38ed6ebbcb3bce574c6d5ba985f6') in 0.018343 seconds 
  Import took 0.021566 seconds .

========================================================================
Received Import Request.
  Time since last request: 0.000302 seconds.
  path: Assets/Images/Sprite/Dialogue - bottom.png
  artifactKey: Guid(fddf5dad8f0d62849bfa34be79848b34) Importer(815301076,1909f56bfc062723c751e8b465ee728b)
Start importing Assets/Images/Sprite/Dialogue - bottom.png using Guid(fddf5dad8f0d62849bfa34be79848b34) Importer(815301076,1909f56bfc062723c751e8b465ee728b)  -> (artifact id: 'd030a2ddfc48dbd3e500333721d358da') in 0.017749 seconds 
  Import took 0.020917 seconds .

========================================================================
Received Import Request.
  Time since last request: 0.000286 seconds.
  path: Assets/Images/Sprite/Haon - A - 2.png
  artifactKey: Guid(898b54227a4e68145b5f63a63a03a11a) Importer(815301076,1909f56bfc062723c751e8b465ee728b)
Start importing Assets/Images/Sprite/Haon - A - 2.png using Guid(898b54227a4e68145b5f63a63a03a11a) Importer(815301076,1909f56bfc062723c751e8b465ee728b)  -> (artifact id: '5330af03fa7f847ee94d03f0785e0d72') in 0.016574 seconds 
  Import took 0.019611 seconds .

========================================================================
Received Import Request.
  Time since last request: 0.000336 seconds.
  path: Assets/Images/Sprite/Guan - 1.png
  artifactKey: Guid(bc5a74460fecfff4497fcfda9304bb07) Importer(815301076,1909f56bfc062723c751e8b465ee728b)
Start importing Assets/Images/Sprite/Guan - 1.png using Guid(bc5a74460fecfff4497fcfda9304bb07) Importer(815301076,1909f56bfc062723c751e8b465ee728b)  -> (artifact id: '5fc1ae6e27efeb553d3e574a701bc680') in 0.016293 seconds 
  Import took 0.019616 seconds .

========================================================================
Received Import Request.
  Time since last request: 0.000287 seconds.
  path: Assets/Images/Sprite/Katholik - B - 2.png
  artifactKey: Guid(25c39e4da6a8a554f967be4287f107e9) Importer(815301076,1909f56bfc062723c751e8b465ee728b)
Start importing Assets/Images/Sprite/Katholik - B - 2.png using Guid(25c39e4da6a8a554f967be4287f107e9) Importer(815301076,1909f56bfc062723c751e8b465ee728b)  -> (artifact id: '127553fc08d9a3fc558d0827d8793f4f') in 0.017318 seconds 
  Import took 0.020724 seconds .

========================================================================
Received Import Request.
  Time since last request: 0.000274 seconds.
  path: Assets/Images/Sprite/Katholik - B - 3.png
  artifactKey: Guid(7ffffbac029375146aeddae7731cd7d7) Importer(815301076,1909f56bfc062723c751e8b465ee728b)
Start importing Assets/Images/Sprite/Katholik - B - 3.png using Guid(7ffffbac029375146aeddae7731cd7d7) Importer(815301076,1909f56bfc062723c751e8b465ee728b)  -> (artifact id: '27a7e934942539c989c15cd41de5c9d4') in 0.016240 seconds 
  Import took 0.019290 seconds .

========================================================================
Received Import Request.
  Time since last request: 0.000286 seconds.
  path: Assets/Images/Sprite/Dialogue - Ha.png
  artifactKey: Guid(795b41903f2f0bb48a31551dbb0e1a78) Importer(815301076,1909f56bfc062723c751e8b465ee728b)
Start importing Assets/Images/Sprite/Dialogue - Ha.png using Guid(795b41903f2f0bb48a31551dbb0e1a78) Importer(815301076,1909f56bfc062723c751e8b465ee728b)  -> (artifact id: 'b406d2a8f0cac67612da478689e2826a') in 0.016393 seconds 
  Import took 0.019959 seconds .

========================================================================
Received Import Request.
  Time since last request: 4.073406 seconds.
  path: Assets/Images/PlayerStandUp.anim
  artifactKey: Guid(0e844660828190e4c95468154e1e03f3) Importer(815301076,1909f56bfc062723c751e8b465ee728b)
Start importing Assets/Images/PlayerStandUp.anim using Guid(0e844660828190e4c95468154e1e03f3) Importer(815301076,1909f56bfc062723c751e8b465ee728b)  -> (artifact id: 'd2dc6bbd01205342c348d2b18883a363') in 0.005776 seconds 
  Import took 0.009102 seconds .

========================================================================
Received Import Request.
  Time since last request: 7.442538 seconds.
  path: Assets/MovingObject.cs
  artifactKey: Guid(2e4e22e6cbeeabe44a85765ea4016f73) Importer(815301076,1909f56bfc062723c751e8b465ee728b)
Start importing Assets/MovingObject.cs using Guid(2e4e22e6cbeeabe44a85765ea4016f73) Importer(815301076,1909f56bfc062723c751e8b465ee728b)  -> (artifact id: '8f65340b60467543f48b6a45239acb07') in 0.018543 seconds 
  Import took 0.021927 seconds .

========================================================================
Received Import Request.
  Time since last request: 174.489640 seconds.
  path: Assets/MovingObject.cs
  artifactKey: Guid(2e4e22e6cbeeabe44a85765ea4016f73) Importer(815301076,1909f56bfc062723c751e8b465ee728b)
Start importing Assets/MovingObject.cs using Guid(2e4e22e6cbeeabe44a85765ea4016f73) Importer(815301076,1909f56bfc062723c751e8b465ee728b)  -> (artifact id: '530e958489acdadfb83b34b27504da27') in 0.005429 seconds 
  Import took 0.009566 seconds .

========================================================================
Received Prepare
Registering precompiled user dll's ...
Registered in 0.015604 seconds.
Begin MonoManager ReloadAssembly
Native extension for WindowsStandalone target not found
Refreshing native plugins compatible for Editor in 0.55 ms, found 3 plugins.
Preloading 0 native plugins for Editor in 0.00 ms.
Mono: successfully reloaded assembly
- Completed reload, in  1.345 seconds
Domain Reload Profiling:
	ReloadAssembly (1346ms)
		BeginReloadAssembly (206ms)
			ExecutionOrderSort (0ms)
			DisableScriptedObjects (16ms)
			BackupInstance (0ms)
			ReleaseScriptingObjects (0ms)
			CreateAndSetChildDomain (41ms)
		EndReloadAssembly (1041ms)
			LoadAssemblies (174ms)
			RebuildTransferFunctionScriptingTraits (0ms)
			SetupTypeCache (320ms)
			ReleaseScriptCaches (1ms)
			RebuildScriptCaches (49ms)
			SetupLoadedEditorAssemblies (401ms)
				LogAssemblyErrors (0ms)
				InitializePlatformSupportModulesInManaged (6ms)
				SetLoadedEditorAssemblies (1ms)
				RefreshPlugins (1ms)
				BeforeProcessingInitializeOnLoad (127ms)
				ProcessInitializeOnLoadAttributes (225ms)
				ProcessInitializeOnLoadMethodAttributes (15ms)
				AfterProcessingInitializeOnLoad (27ms)
				EditorAssembliesLoaded (0ms)
			ExecutionOrderSort2 (0ms)
			AwakeInstancesAfterBackupRestoration (11ms)
Platform modules already initialized, skipping
Refreshing native plugins compatible for Editor in 0.54 ms, found 3 plugins.
Preloading 0 native plugins for Editor in 0.00 ms.
Unloading 2187 Unused Serialized files (Serialized files now loaded: 0)
System memory in use before: 98.2 MB.
System memory in use after: 98.4 MB.

Unloading 17 unused Assets to reduce memory usage. Loaded Objects now: 2643.
Total: 3.407900 ms (FindLiveObjects: 0.217400 ms CreateObjectMapping: 0.053100 ms MarkObjects: 3.116700 ms  DeleteObjects: 0.019700 ms)

AssetImportParameters requested are different than current active one (requested -> active):
  custom:framework-win-MediaFoundation: 216162199b28c13a410421893ffa2e32 -> 
  custom:video-decoder-ogg-theora: a1e56fd34408186e4bbccfd4996cb3dc -> 
  custom:container-muxer-webm: aa71ff27fc2769a1b78a27578f13a17b -> 
  custom:container-demuxer-webm: 4f35f7cbe854078d1ac9338744f61a02 -> 
  custom:container-demuxer-ogg: 62fdf1f143b41e24485cea50d1cbac27 -> 
  custom:video-encoder-webm-vp8: eb34c28f22e8b96e1ab97ce403110664 -> 
  custom:video-decoder-webm-vp8: 9c59270c3fd7afecdb556c50c9e8de78 -> 
  custom:audio-decoder-ogg-vorbis: bf7c407c2cedff20999df2af8eb42d56 -> 
  custom:audio-encoder-webm-vorbis: bf7c407c2cedff20999df2af8eb42d56 -> 
========================================================================
Received Import Request.
  Time since last request: 44.891443 seconds.
  path: Assets/MovingObject.cs
  artifactKey: Guid(2e4e22e6cbeeabe44a85765ea4016f73) Importer(815301076,1909f56bfc062723c751e8b465ee728b)
Start importing Assets/MovingObject.cs using Guid(2e4e22e6cbeeabe44a85765ea4016f73) Importer(815301076,1909f56bfc062723c751e8b465ee728b)  -> (artifact id: '3812172f2276ac499cca264211a9b59e') in 0.009952 seconds 
  Import took 0.013528 seconds .

========================================================================
Received Prepare
Registering precompiled user dll's ...
Registered in 0.014581 seconds.
Begin MonoManager ReloadAssembly
Native extension for WindowsStandalone target not found
Refreshing native plugins compatible for Editor in 0.54 ms, found 3 plugins.
Preloading 0 native plugins for Editor in 0.00 ms.
Mono: successfully reloaded assembly
- Completed reload, in  1.303 seconds
Domain Reload Profiling:
	ReloadAssembly (1304ms)
		BeginReloadAssembly (166ms)
			ExecutionOrderSort (0ms)
			DisableScriptedObjects (7ms)
			BackupInstance (0ms)
			ReleaseScriptingObjects (0ms)
			CreateAndSetChildDomain (34ms)
		EndReloadAssembly (1039ms)
			LoadAssemblies (168ms)
			RebuildTransferFunctionScriptingTraits (0ms)
			SetupTypeCache (315ms)
			ReleaseScriptCaches (1ms)
			RebuildScriptCaches (41ms)
			SetupLoadedEditorAssemblies (427ms)
				LogAssemblyErrors (0ms)
				InitializePlatformSupportModulesInManaged (6ms)
				SetLoadedEditorAssemblies (1ms)
				RefreshPlugins (1ms)
				BeforeProcessingInitializeOnLoad (157ms)
				ProcessInitializeOnLoadAttributes (223ms)
				ProcessInitializeOnLoadMethodAttributes (14ms)
				AfterProcessingInitializeOnLoad (25ms)
				EditorAssembliesLoaded (0ms)
			ExecutionOrderSort2 (0ms)
			AwakeInstancesAfterBackupRestoration (10ms)
Platform modules already initialized, skipping
Refreshing native plugins compatible for Editor in 0.54 ms, found 3 plugins.
Preloading 0 native plugins for Editor in 0.00 ms.
Unloading 2187 Unused Serialized files (Serialized files now loaded: 0)
System memory in use before: 98.3 MB.
System memory in use after: 98.4 MB.

Unloading 17 unused Assets to reduce memory usage. Loaded Objects now: 2645.
Total: 3.016200 ms (FindLiveObjects: 0.189100 ms CreateObjectMapping: 0.053200 ms MarkObjects: 2.758200 ms  DeleteObjects: 0.014600 ms)

AssetImportParameters requested are different than current active one (requested -> active):
  custom:framework-win-MediaFoundation: 216162199b28c13a410421893ffa2e32 -> 
  custom:video-decoder-ogg-theora: a1e56fd34408186e4bbccfd4996cb3dc -> 
  custom:container-muxer-webm: aa71ff27fc2769a1b78a27578f13a17b -> 
  custom:container-demuxer-webm: 4f35f7cbe854078d1ac9338744f61a02 -> 
  custom:container-demuxer-ogg: 62fdf1f143b41e24485cea50d1cbac27 -> 
  custom:video-encoder-webm-vp8: eb34c28f22e8b96e1ab97ce403110664 -> 
  custom:video-decoder-webm-vp8: 9c59270c3fd7afecdb556c50c9e8de78 -> 
  custom:audio-decoder-ogg-vorbis: bf7c407c2cedff20999df2af8eb42d56 -> 
  custom:audio-encoder-webm-vorbis: bf7c407c2cedff20999df2af8eb42d56 -> 
========================================================================
Received Import Request.
  Time since last request: 43.739644 seconds.
  path: Assets/MovingObject.cs
  artifactKey: Guid(2e4e22e6cbeeabe44a85765ea4016f73) Importer(815301076,1909f56bfc062723c751e8b465ee728b)
Start importing Assets/MovingObject.cs using Guid(2e4e22e6cbeeabe44a85765ea4016f73) Importer(815301076,1909f56bfc062723c751e8b465ee728b)  -> (artifact id: '0a996f73f59fbc9fd8fd96d5ae4e096b') in 0.008101 seconds 
  Import took 0.011786 seconds .

========================================================================
Received Prepare
Registering precompiled user dll's ...
Registered in 0.016630 seconds.
Begin MonoManager ReloadAssembly
Native extension for WindowsStandalone target not found
Refreshing native plugins compatible for Editor in 0.55 ms, found 3 plugins.
Preloading 0 native plugins for Editor in 0.00 ms.
Mono: successfully reloaded assembly
- Completed reload, in  1.288 seconds
Domain Reload Profiling:
	ReloadAssembly (1289ms)
		BeginReloadAssembly (165ms)
			ExecutionOrderSort (0ms)
			DisableScriptedObjects (7ms)
			BackupInstance (0ms)
			ReleaseScriptingObjects (0ms)
			CreateAndSetChildDomain (32ms)
		EndReloadAssembly (1022ms)
			LoadAssemblies (168ms)
			RebuildTransferFunctionScriptingTraits (0ms)
			SetupTypeCache (327ms)
			ReleaseScriptCaches (1ms)
			RebuildScriptCaches (42ms)
			SetupLoadedEditorAssemblies (397ms)
				LogAssemblyErrors (0ms)
				InitializePlatformSupportModulesInManaged (6ms)
				SetLoadedEditorAssemblies (1ms)
				RefreshPlugins (1ms)
				BeforeProcessingInitializeOnLoad (130ms)
				ProcessInitializeOnLoadAttributes (220ms)
				ProcessInitializeOnLoadMethodAttributes (13ms)
				AfterProcessingInitializeOnLoad (26ms)
				EditorAssembliesLoaded (0ms)
			ExecutionOrderSort2 (0ms)
			AwakeInstancesAfterBackupRestoration (11ms)
Platform modules already initialized, skipping
Refreshing native plugins compatible for Editor in 0.52 ms, found 3 plugins.
Preloading 0 native plugins for Editor in 0.00 ms.
Unloading 2187 Unused Serialized files (Serialized files now loaded: 0)
System memory in use before: 98.3 MB.
System memory in use after: 98.4 MB.

Unloading 17 unused Assets to reduce memory usage. Loaded Objects now: 2647.
Total: 3.211300 ms (FindLiveObjects: 0.195400 ms CreateObjectMapping: 0.049600 ms MarkObjects: 2.945900 ms  DeleteObjects: 0.019300 ms)

AssetImportParameters requested are different than current active one (requested -> active):
  custom:framework-win-MediaFoundation: 216162199b28c13a410421893ffa2e32 -> 
  custom:video-decoder-ogg-theora: a1e56fd34408186e4bbccfd4996cb3dc -> 
  custom:container-muxer-webm: aa71ff27fc2769a1b78a27578f13a17b -> 
  custom:container-demuxer-webm: 4f35f7cbe854078d1ac9338744f61a02 -> 
  custom:container-demuxer-ogg: 62fdf1f143b41e24485cea50d1cbac27 -> 
  custom:video-encoder-webm-vp8: eb34c28f22e8b96e1ab97ce403110664 -> 
  custom:video-decoder-webm-vp8: 9c59270c3fd7afecdb556c50c9e8de78 -> 
  custom:audio-decoder-ogg-vorbis: bf7c407c2cedff20999df2af8eb42d56 -> 
  custom:audio-encoder-webm-vorbis: bf7c407c2cedff20999df2af8eb42d56 -> 
========================================================================
Received Prepare
Registering precompiled user dll's ...
Registered in 0.014467 seconds.
Begin MonoManager ReloadAssembly
Native extension for WindowsStandalone target not found
Refreshing native plugins compatible for Editor in 0.58 ms, found 3 plugins.
Preloading 0 native plugins for Editor in 0.00 ms.
Mono: successfully reloaded assembly
- Completed reload, in  1.330 seconds
Domain Reload Profiling:
	ReloadAssembly (1331ms)
		BeginReloadAssembly (174ms)
			ExecutionOrderSort (0ms)
			DisableScriptedObjects (7ms)
			BackupInstance (0ms)
			ReleaseScriptingObjects (0ms)
			CreateAndSetChildDomain (34ms)
		EndReloadAssembly (1049ms)
			LoadAssemblies (175ms)
			RebuildTransferFunctionScriptingTraits (0ms)
			SetupTypeCache (337ms)
			ReleaseScriptCaches (1ms)
			RebuildScriptCaches (42ms)
			SetupLoadedEditorAssemblies (397ms)
				LogAssemblyErrors (0ms)
				InitializePlatformSupportModulesInManaged (6ms)
				SetLoadedEditorAssemblies (1ms)
				RefreshPlugins (1ms)
				BeforeProcessingInitializeOnLoad (131ms)
				ProcessInitializeOnLoadAttributes (219ms)
				ProcessInitializeOnLoadMethodAttributes (14ms)
				AfterProcessingInitializeOnLoad (26ms)
				EditorAssembliesLoaded (0ms)
			ExecutionOrderSort2 (0ms)
			AwakeInstancesAfterBackupRestoration (10ms)
Platform modules already initialized, skipping
Refreshing native plugins compatible for Editor in 0.57 ms, found 3 plugins.
Preloading 0 native plugins for Editor in 0.00 ms.
Unloading 2187 Unused Serialized files (Serialized files now loaded: 0)
System memory in use before: 98.3 MB.
System memory in use after: 98.4 MB.

Unloading 17 unused Assets to reduce memory usage. Loaded Objects now: 2649.
Total: 3.142700 ms (FindLiveObjects: 0.200200 ms CreateObjectMapping: 0.052800 ms MarkObjects: 2.873100 ms  DeleteObjects: 0.015600 ms)

AssetImportParameters requested are different than current active one (requested -> active):
  custom:framework-win-MediaFoundation: 216162199b28c13a410421893ffa2e32 -> 
  custom:video-decoder-ogg-theora: a1e56fd34408186e4bbccfd4996cb3dc -> 
  custom:container-muxer-webm: aa71ff27fc2769a1b78a27578f13a17b -> 
  custom:container-demuxer-webm: 4f35f7cbe854078d1ac9338744f61a02 -> 
  custom:container-demuxer-ogg: 62fdf1f143b41e24485cea50d1cbac27 -> 
  custom:video-encoder-webm-vp8: eb34c28f22e8b96e1ab97ce403110664 -> 
  custom:video-decoder-webm-vp8: 9c59270c3fd7afecdb556c50c9e8de78 -> 
  custom:audio-decoder-ogg-vorbis: bf7c407c2cedff20999df2af8eb42d56 -> 
  custom:audio-encoder-webm-vorbis: bf7c407c2cedff20999df2af8eb42d56 -> 
========================================================================
Received Prepare
Registering precompiled user dll's ...
Registered in 0.015009 seconds.
Begin MonoManager ReloadAssembly
Native extension for WindowsStandalone target not found
Refreshing native plugins compatible for Editor in 0.91 ms, found 3 plugins.
Preloading 0 native plugins for Editor in 0.00 ms.
Mono: successfully reloaded assembly
- Completed reload, in  1.340 seconds
Domain Reload Profiling:
	ReloadAssembly (1341ms)
		BeginReloadAssembly (177ms)
			ExecutionOrderSort (0ms)
			DisableScriptedObjects (7ms)
			BackupInstance (0ms)
			ReleaseScriptingObjects (0ms)
			CreateAndSetChildDomain (34ms)
		EndReloadAssembly (1062ms)
			LoadAssemblies (177ms)
			RebuildTransferFunctionScriptingTraits (0ms)
			SetupTypeCache (341ms)
			ReleaseScriptCaches (1ms)
			RebuildScriptCaches (42ms)
			SetupLoadedEditorAssemblies (416ms)
				LogAssemblyErrors (0ms)
				InitializePlatformSupportModulesInManaged (7ms)
				SetLoadedEditorAssemblies (1ms)
				RefreshPlugins (1ms)
				BeforeProcessingInitializeOnLoad (135ms)
				ProcessInitializeOnLoadAttributes (231ms)
				ProcessInitializeOnLoadMethodAttributes (14ms)
				AfterProcessingInitializeOnLoad (27ms)
				EditorAssembliesLoaded (0ms)
			ExecutionOrderSort2 (0ms)
			AwakeInstancesAfterBackupRestoration (10ms)
Platform modules already initialized, skipping
Refreshing native plugins compatible for Editor in 0.60 ms, found 3 plugins.
Preloading 0 native plugins for Editor in 0.00 ms.
Unloading 2187 Unused Serialized files (Serialized files now loaded: 0)
System memory in use before: 98.3 MB.
System memory in use after: 98.4 MB.

Unloading 17 unused Assets to reduce memory usage. Loaded Objects now: 2651.
Total: 3.156900 ms (FindLiveObjects: 0.203600 ms CreateObjectMapping: 0.052200 ms MarkObjects: 2.884000 ms  DeleteObjects: 0.016000 ms)

AssetImportParameters requested are different than current active one (requested -> active):
  custom:framework-win-MediaFoundation: 216162199b28c13a410421893ffa2e32 -> 
  custom:video-decoder-ogg-theora: a1e56fd34408186e4bbccfd4996cb3dc -> 
  custom:container-muxer-webm: aa71ff27fc2769a1b78a27578f13a17b -> 
  custom:container-demuxer-webm: 4f35f7cbe854078d1ac9338744f61a02 -> 
  custom:container-demuxer-ogg: 62fdf1f143b41e24485cea50d1cbac27 -> 
  custom:video-encoder-webm-vp8: eb34c28f22e8b96e1ab97ce403110664 -> 
  custom:video-decoder-webm-vp8: 9c59270c3fd7afecdb556c50c9e8de78 -> 
  custom:audio-decoder-ogg-vorbis: bf7c407c2cedff20999df2af8eb42d56 -> 
  custom:audio-encoder-webm-vorbis: bf7c407c2cedff20999df2af8eb42d56 -> 
========================================================================
Received Prepare
Registering precompiled user dll's ...
Registered in 0.016917 seconds.
Begin MonoManager ReloadAssembly
Native extension for WindowsStandalone target not found
Refreshing native plugins compatible for Editor in 0.56 ms, found 3 plugins.
Preloading 0 native plugins for Editor in 0.00 ms.
Mono: successfully reloaded assembly
- Completed reload, in  1.449 seconds
Domain Reload Profiling:
	ReloadAssembly (1450ms)
		BeginReloadAssembly (204ms)
			ExecutionOrderSort (0ms)
			DisableScriptedObjects (7ms)
			BackupInstance (0ms)
			ReleaseScriptingObjects (0ms)
			CreateAndSetChildDomain (45ms)
		EndReloadAssembly (1132ms)
			LoadAssemblies (195ms)
			RebuildTransferFunctionScriptingTraits (0ms)
			SetupTypeCache (361ms)
			ReleaseScriptCaches (1ms)
			RebuildScriptCaches (49ms)
			SetupLoadedEditorAssemblies (441ms)
				LogAssemblyErrors (0ms)
				InitializePlatformSupportModulesInManaged (6ms)
				SetLoadedEditorAssemblies (1ms)
				RefreshPlugins (1ms)
				BeforeProcessingInitializeOnLoad (153ms)
				ProcessInitializeOnLoadAttributes (238ms)
				ProcessInitializeOnLoadMethodAttributes (15ms)
				AfterProcessingInitializeOnLoad (27ms)
				EditorAssembliesLoaded (0ms)
			ExecutionOrderSort2 (0ms)
			AwakeInstancesAfterBackupRestoration (10ms)
Platform modules already initialized, skipping
Refreshing native plugins compatible for Editor in 0.58 ms, found 3 plugins.
Preloading 0 native plugins for Editor in 0.00 ms.
Unloading 2187 Unused Serialized files (Serialized files now loaded: 0)
System memory in use before: 98.3 MB.
System memory in use after: 98.4 MB.

Unloading 17 unused Assets to reduce memory usage. Loaded Objects now: 2653.
Total: 3.393700 ms (FindLiveObjects: 0.202300 ms CreateObjectMapping: 0.052800 ms MarkObjects: 3.094700 ms  DeleteObjects: 0.041600 ms)

AssetImportParameters requested are different than current active one (requested -> active):
  custom:framework-win-MediaFoundation: 216162199b28c13a410421893ffa2e32 -> 
  custom:video-decoder-ogg-theora: a1e56fd34408186e4bbccfd4996cb3dc -> 
  custom:container-muxer-webm: aa71ff27fc2769a1b78a27578f13a17b -> 
  custom:container-demuxer-webm: 4f35f7cbe854078d1ac9338744f61a02 -> 
  custom:container-demuxer-ogg: 62fdf1f143b41e24485cea50d1cbac27 -> 
  custom:video-encoder-webm-vp8: eb34c28f22e8b96e1ab97ce403110664 -> 
  custom:video-decoder-webm-vp8: 9c59270c3fd7afecdb556c50c9e8de78 -> 
  custom:audio-decoder-ogg-vorbis: bf7c407c2cedff20999df2af8eb42d56 -> 
  custom:audio-encoder-webm-vorbis: bf7c407c2cedff20999df2af8eb42d56 -> 
========================================================================
Received Prepare
Registering precompiled user dll's ...
Registered in 0.017109 seconds.
Begin MonoManager ReloadAssembly
Native extension for WindowsStandalone target not found
Refreshing native plugins compatible for Editor in 0.62 ms, found 3 plugins.
Preloading 0 native plugins for Editor in 0.00 ms.
Mono: successfully reloaded assembly
- Completed reload, in  1.588 seconds
Domain Reload Profiling:
	ReloadAssembly (1589ms)
		BeginReloadAssembly (234ms)
			ExecutionOrderSort (0ms)
			DisableScriptedObjects (11ms)
			BackupInstance (0ms)
			ReleaseScriptingObjects (0ms)
			CreateAndSetChildDomain (48ms)
		EndReloadAssembly (1237ms)
			LoadAssemblies (218ms)
			RebuildTransferFunctionScriptingTraits (0ms)
			SetupTypeCache (365ms)
			ReleaseScriptCaches (2ms)
			RebuildScriptCaches (54ms)
			SetupLoadedEditorAssemblies (529ms)
				LogAssemblyErrors (0ms)
				InitializePlatformSupportModulesInManaged (6ms)
				SetLoadedEditorAssemblies (1ms)
				RefreshPlugins (1ms)
				BeforeProcessingInitializeOnLoad (164ms)
				ProcessInitializeOnLoadAttributes (306ms)
				ProcessInitializeOnLoadMethodAttributes (18ms)
				AfterProcessingInitializeOnLoad (34ms)
				EditorAssembliesLoaded (0ms)
			ExecutionOrderSort2 (0ms)
			AwakeInstancesAfterBackupRestoration (10ms)
Platform modules already initialized, skipping
Refreshing native plugins compatible for Editor in 0.60 ms, found 3 plugins.
Preloading 0 native plugins for Editor in 0.00 ms.
Unloading 2187 Unused Serialized files (Serialized files now loaded: 0)
System memory in use before: 98.3 MB.
System memory in use after: 98.4 MB.

Unloading 17 unused Assets to reduce memory usage. Loaded Objects now: 2655.
Total: 5.578400 ms (FindLiveObjects: 0.308600 ms CreateObjectMapping: 0.070400 ms MarkObjects: 5.170600 ms  DeleteObjects: 0.027200 ms)

AssetImportParameters requested are different than current active one (requested -> active):
  custom:framework-win-MediaFoundation: 216162199b28c13a410421893ffa2e32 -> 
  custom:video-decoder-ogg-theora: a1e56fd34408186e4bbccfd4996cb3dc -> 
  custom:container-muxer-webm: aa71ff27fc2769a1b78a27578f13a17b -> 
  custom:container-demuxer-webm: 4f35f7cbe854078d1ac9338744f61a02 -> 
  custom:container-demuxer-ogg: 62fdf1f143b41e24485cea50d1cbac27 -> 
  custom:video-encoder-webm-vp8: eb34c28f22e8b96e1ab97ce403110664 -> 
  custom:video-decoder-webm-vp8: 9c59270c3fd7afecdb556c50c9e8de78 -> 
  custom:audio-decoder-ogg-vorbis: bf7c407c2cedff20999df2af8eb42d56 -> 
  custom:audio-encoder-webm-vorbis: bf7c407c2cedff20999df2af8eb42d56 -> 
========================================================================
Received Prepare
Registering precompiled user dll's ...
Registered in 0.016035 seconds.
Begin MonoManager ReloadAssembly
Native extension for WindowsStandalone target not found
Refreshing native plugins compatible for Editor in 0.62 ms, found 3 plugins.
Preloading 0 native plugins for Editor in 0.00 ms.
Mono: successfully reloaded assembly
- Completed reload, in  1.610 seconds
Domain Reload Profiling:
	ReloadAssembly (1611ms)
		BeginReloadAssembly (202ms)
			ExecutionOrderSort (0ms)
			DisableScriptedObjects (7ms)
			BackupInstance (0ms)
			ReleaseScriptingObjects (0ms)
			CreateAndSetChildDomain (35ms)
		EndReloadAssembly (1272ms)
			LoadAssemblies (234ms)
			RebuildTransferFunctionScriptingTraits (0ms)
			SetupTypeCache (416ms)
			ReleaseScriptCaches (1ms)
			RebuildScriptCaches (46ms)
			SetupLoadedEditorAssemblies (478ms)
				LogAssemblyErrors (0ms)
				InitializePlatformSupportModulesInManaged (8ms)
				SetLoadedEditorAssemblies (1ms)
				RefreshPlugins (1ms)
				BeforeProcessingInitializeOnLoad (152ms)
				ProcessInitializeOnLoadAttributes (273ms)
				ProcessInitializeOnLoadMethodAttributes (15ms)
				AfterProcessingInitializeOnLoad (28ms)
				EditorAssembliesLoaded (0ms)
			ExecutionOrderSort2 (0ms)
			AwakeInstancesAfterBackupRestoration (11ms)
Platform modules already initialized, skipping
Refreshing native plugins compatible for Editor in 0.87 ms, found 3 plugins.
Preloading 0 native plugins for Editor in 0.00 ms.
Unloading 2187 Unused Serialized files (Serialized files now loaded: 0)
System memory in use before: 98.3 MB.
System memory in use after: 98.4 MB.

Unloading 17 unused Assets to reduce memory usage. Loaded Objects now: 2657.
Total: 3.154600 ms (FindLiveObjects: 0.227600 ms CreateObjectMapping: 0.050900 ms MarkObjects: 2.856200 ms  DeleteObjects: 0.018200 ms)

AssetImportParameters requested are different than current active one (requested -> active):
  custom:framework-win-MediaFoundation: 216162199b28c13a410421893ffa2e32 -> 
  custom:video-decoder-ogg-theora: a1e56fd34408186e4bbccfd4996cb3dc -> 
  custom:container-muxer-webm: aa71ff27fc2769a1b78a27578f13a17b -> 
  custom:container-demuxer-webm: 4f35f7cbe854078d1ac9338744f61a02 -> 
  custom:container-demuxer-ogg: 62fdf1f143b41e24485cea50d1cbac27 -> 
  custom:video-encoder-webm-vp8: eb34c28f22e8b96e1ab97ce403110664 -> 
  custom:video-decoder-webm-vp8: 9c59270c3fd7afecdb556c50c9e8de78 -> 
  custom:audio-decoder-ogg-vorbis: bf7c407c2cedff20999df2af8eb42d56 -> 
  custom:audio-encoder-webm-vorbis: bf7c407c2cedff20999df2af8eb42d56 -> 
AssetImportWorkerClient::OnTransportError - code=2 error=End of file
